<?xml version="1.0" encoding="UTF-8"?>
<testsuite xmlns:xsi="http://www.w3.org/2001/XMLSchema-instance" xsi:noNamespaceSchemaLocation="https://maven.apache.org/surefire/maven-surefire-plugin/xsd/surefire-test-report-3.0.xsd" version="3.0" name="days.AdventOfCodeTest" time="0.107" tests="5" errors="0" skipped="0" failures="0">
  <properties>
[...]
</properties>
  <testcase name="testSolveTask" classname="days.AdventOfCodeTest" time="0.009"/>
  <testcase name="testSolveTaskThirdPart" classname="days.AdventOfCodeTest" time="0.001"/>
  <testcase name="testSolveTaskSecondPart" classname="days.AdventOfCodeTest" time="0.001"/>
  <testcase name="testSolveTaskNullValue" classname="days.AdventOfCodeTest" time="0.001"/>
  <testcase name="testSolveTaskNullTaskPart" classname="days.AdventOfCodeTest" time="0.001"/>
</testsuite>